[2023-11-30 08:57:43] production.INFO: Detected N+1 Query  
[2023-11-30 08:57:43] production.INFO: Model: App\Models\Currency
Relation: App\Models\Form
Num-Called: 2
Call-Stack:
#19 \app\Http\Controllers\Admin\CurrencyController.php:33
#20 \vendor\laravel\framework\src\Illuminate\Routing\Controller.php:54
#21 \vendor\laravel\framework\src\Illuminate\Routing\ControllerDispatcher.php:43
#22 \vendor\laravel\framework\src\Illuminate\Routing\Route.php:260
#23 \vendor\laravel\framework\src\Illuminate\Routing\Route.php:205
#24 \vendor\laravel\framework\src\Illuminate\Routing\Router.php:798
#25 \vendor\laravel\framework\src\Illuminate\Pipeline\Pipeline.php:141
#26 \app\Http\Controllers\Controller.php:19
#27 \vendor\laravel\framework\src\Illuminate\Pipeline\Pipeline.php:162
#28 \app\Http\Middleware\RedirectIfNotAdmin.php:22
#29 \vendor\laravel\framework\src\Illuminate\Pipeline\Pipeline.php:180
#30 \app\Http\Middleware\IpBlock.php:23
#31 \vendor\laravel\framework\src\Illuminate\Pipeline\Pipeline.php:180
#32 \app\Http\Middleware\LanguageMiddleware.php:20
#33 \vendor\laravel\framework\src\Illuminate\Pipeline\Pipeline.php:180
#34 \vendor\laravel\framework\src\Illuminate\Routing\Middleware\SubstituteBindings.php:50
#35 \vendor\laravel\framework\src\Illuminate\Pipeline\Pipeline.php:180
#36 \vendor\laravel\framework\src\Illuminate\Foundation\Http\Middleware\VerifyCsrfToken.php:78
#37 \vendor\laravel\framework\src\Illuminate\Pipeline\Pipeline.php:180
#38 \vendor\laravel\framework\src\Illuminate\View\Middleware\ShareErrorsFromSession.php:49
#39 \vendor\laravel\framework\src\Illuminate\Pipeline\Pipeline.php:180
#40 \app\Http\Middleware\ActiveTemplateMiddleware.php:29
#41 \vendor\laravel\framework\src\Illuminate\Pipeline\Pipeline.php:180
#42 \vendor\laravel\framework\src\Illuminate\Session\Middleware\StartSession.php:121
#43 \vendor\laravel\framework\src\Illuminate\Session\Middleware\StartSession.php:64
#44 \vendor\laravel\framework\src\Illuminate\Pipeline\Pipeline.php:180
#45 \vendor\laravel\framework\src\Illuminate\Cookie\Middleware\AddQueuedCookiesToResponse.php:37
#46 \vendor\laravel\framework\src\Illuminate\Pipeline\Pipeline.php:180
#47 \vendor\laravel\framework\src\Illuminate\Cookie\Middleware\EncryptCookies.php:67
#48 \vendor\laravel\framework\src\Illuminate\Pipeline\Pipeline.php:180
#49 \vendor\laramin\utility\src\Utility.php:14
  
[2023-11-30 08:57:48] production.INFO: Detected N+1 Query  
[2023-11-30 08:57:48] production.INFO: Model: App\Models\Currency
Relation: App\Models\Form
Num-Called: 2
Call-Stack:
#19 \app\Http\Controllers\Admin\CurrencyController.php:33
#20 \vendor\laravel\framework\src\Illuminate\Routing\Controller.php:54
#21 \vendor\laravel\framework\src\Illuminate\Routing\ControllerDispatcher.php:43
#22 \vendor\laravel\framework\src\Illuminate\Routing\Route.php:260
#23 \vendor\laravel\framework\src\Illuminate\Routing\Route.php:205
#24 \vendor\laravel\framework\src\Illuminate\Routing\Router.php:798
#25 \vendor\laravel\framework\src\Illuminate\Pipeline\Pipeline.php:141
#26 \app\Http\Controllers\Controller.php:19
#27 \vendor\laravel\framework\src\Illuminate\Pipeline\Pipeline.php:162
#28 \app\Http\Middleware\RedirectIfNotAdmin.php:22
#29 \vendor\laravel\framework\src\Illuminate\Pipeline\Pipeline.php:180
#30 \app\Http\Middleware\IpBlock.php:23
#31 \vendor\laravel\framework\src\Illuminate\Pipeline\Pipeline.php:180
#32 \app\Http\Middleware\LanguageMiddleware.php:20
#33 \vendor\laravel\framework\src\Illuminate\Pipeline\Pipeline.php:180
#34 \vendor\laravel\framework\src\Illuminate\Routing\Middleware\SubstituteBindings.php:50
#35 \vendor\laravel\framework\src\Illuminate\Pipeline\Pipeline.php:180
#36 \vendor\laravel\framework\src\Illuminate\Foundation\Http\Middleware\VerifyCsrfToken.php:78
#37 \vendor\laravel\framework\src\Illuminate\Pipeline\Pipeline.php:180
#38 \vendor\laravel\framework\src\Illuminate\View\Middleware\ShareErrorsFromSession.php:49
#39 \vendor\laravel\framework\src\Illuminate\Pipeline\Pipeline.php:180
#40 \app\Http\Middleware\ActiveTemplateMiddleware.php:29
#41 \vendor\laravel\framework\src\Illuminate\Pipeline\Pipeline.php:180
#42 \vendor\laravel\framework\src\Illuminate\Session\Middleware\StartSession.php:121
#43 \vendor\laravel\framework\src\Illuminate\Session\Middleware\StartSession.php:64
#44 \vendor\laravel\framework\src\Illuminate\Pipeline\Pipeline.php:180
#45 \vendor\laravel\framework\src\Illuminate\Cookie\Middleware\AddQueuedCookiesToResponse.php:37
#46 \vendor\laravel\framework\src\Illuminate\Pipeline\Pipeline.php:180
#47 \vendor\laravel\framework\src\Illuminate\Cookie\Middleware\EncryptCookies.php:67
#48 \vendor\laravel\framework\src\Illuminate\Pipeline\Pipeline.php:180
#49 \vendor\laramin\utility\src\Utility.php:14
  
[2023-11-30 08:59:26] production.INFO: Detected N+1 Query  
[2023-11-30 08:59:26] production.INFO: Model: App\Models\Currency
Relation: App\Models\Form
Num-Called: 2
Call-Stack:
#19 \app\Http\Controllers\Admin\CurrencyController.php:33
#20 \vendor\laravel\framework\src\Illuminate\Routing\Controller.php:54
#21 \vendor\laravel\framework\src\Illuminate\Routing\ControllerDispatcher.php:43
#22 \vendor\laravel\framework\src\Illuminate\Routing\Route.php:260
#23 \vendor\laravel\framework\src\Illuminate\Routing\Route.php:205
#24 \vendor\laravel\framework\src\Illuminate\Routing\Router.php:798
#25 \vendor\laravel\framework\src\Illuminate\Pipeline\Pipeline.php:141
#26 \app\Http\Controllers\Controller.php:19
#27 \vendor\laravel\framework\src\Illuminate\Pipeline\Pipeline.php:162
#28 \app\Http\Middleware\RedirectIfNotAdmin.php:22
#29 \vendor\laravel\framework\src\Illuminate\Pipeline\Pipeline.php:180
#30 \app\Http\Middleware\IpBlock.php:23
#31 \vendor\laravel\framework\src\Illuminate\Pipeline\Pipeline.php:180
#32 \app\Http\Middleware\LanguageMiddleware.php:20
#33 \vendor\laravel\framework\src\Illuminate\Pipeline\Pipeline.php:180
#34 \vendor\laravel\framework\src\Illuminate\Routing\Middleware\SubstituteBindings.php:50
#35 \vendor\laravel\framework\src\Illuminate\Pipeline\Pipeline.php:180
#36 \vendor\laravel\framework\src\Illuminate\Foundation\Http\Middleware\VerifyCsrfToken.php:78
#37 \vendor\laravel\framework\src\Illuminate\Pipeline\Pipeline.php:180
#38 \vendor\laravel\framework\src\Illuminate\View\Middleware\ShareErrorsFromSession.php:49
#39 \vendor\laravel\framework\src\Illuminate\Pipeline\Pipeline.php:180
#40 \app\Http\Middleware\ActiveTemplateMiddleware.php:29
#41 \vendor\laravel\framework\src\Illuminate\Pipeline\Pipeline.php:180
#42 \vendor\laravel\framework\src\Illuminate\Session\Middleware\StartSession.php:121
#43 \vendor\laravel\framework\src\Illuminate\Session\Middleware\StartSession.php:64
#44 \vendor\laravel\framework\src\Illuminate\Pipeline\Pipeline.php:180
#45 \vendor\laravel\framework\src\Illuminate\Cookie\Middleware\AddQueuedCookiesToResponse.php:37
#46 \vendor\laravel\framework\src\Illuminate\Pipeline\Pipeline.php:180
#47 \vendor\laravel\framework\src\Illuminate\Cookie\Middleware\EncryptCookies.php:67
#48 \vendor\laravel\framework\src\Illuminate\Pipeline\Pipeline.php:180
#49 \vendor\laramin\utility\src\Utility.php:14
  
[2023-11-30 08:59:30] production.INFO: Detected N+1 Query  
[2023-11-30 08:59:30] production.INFO: Model: App\Models\Currency
Relation: App\Models\Form
Num-Called: 2
Call-Stack:
#19 \app\Http\Controllers\Admin\CurrencyController.php:33
#20 \vendor\laravel\framework\src\Illuminate\Routing\Controller.php:54
#21 \vendor\laravel\framework\src\Illuminate\Routing\ControllerDispatcher.php:43
#22 \vendor\laravel\framework\src\Illuminate\Routing\Route.php:260
#23 \vendor\laravel\framework\src\Illuminate\Routing\Route.php:205
#24 \vendor\laravel\framework\src\Illuminate\Routing\Router.php:798
#25 \vendor\laravel\framework\src\Illuminate\Pipeline\Pipeline.php:141
#26 \app\Http\Controllers\Controller.php:19
#27 \vendor\laravel\framework\src\Illuminate\Pipeline\Pipeline.php:162
#28 \app\Http\Middleware\RedirectIfNotAdmin.php:22
#29 \vendor\laravel\framework\src\Illuminate\Pipeline\Pipeline.php:180
#30 \app\Http\Middleware\IpBlock.php:23
#31 \vendor\laravel\framework\src\Illuminate\Pipeline\Pipeline.php:180
#32 \app\Http\Middleware\LanguageMiddleware.php:20
#33 \vendor\laravel\framework\src\Illuminate\Pipeline\Pipeline.php:180
#34 \vendor\laravel\framework\src\Illuminate\Routing\Middleware\SubstituteBindings.php:50
#35 \vendor\laravel\framework\src\Illuminate\Pipeline\Pipeline.php:180
#36 \vendor\laravel\framework\src\Illuminate\Foundation\Http\Middleware\VerifyCsrfToken.php:78
#37 \vendor\laravel\framework\src\Illuminate\Pipeline\Pipeline.php:180
#38 \vendor\laravel\framework\src\Illuminate\View\Middleware\ShareErrorsFromSession.php:49
#39 \vendor\laravel\framework\src\Illuminate\Pipeline\Pipeline.php:180
#40 \app\Http\Middleware\ActiveTemplateMiddleware.php:29
#41 \vendor\laravel\framework\src\Illuminate\Pipeline\Pipeline.php:180
#42 \vendor\laravel\framework\src\Illuminate\Session\Middleware\StartSession.php:121
#43 \vendor\laravel\framework\src\Illuminate\Session\Middleware\StartSession.php:64
#44 \vendor\laravel\framework\src\Illuminate\Pipeline\Pipeline.php:180
#45 \vendor\laravel\framework\src\Illuminate\Cookie\Middleware\AddQueuedCookiesToResponse.php:37
#46 \vendor\laravel\framework\src\Illuminate\Pipeline\Pipeline.php:180
#47 \vendor\laravel\framework\src\Illuminate\Cookie\Middleware\EncryptCookies.php:67
#48 \vendor\laravel\framework\src\Illuminate\Pipeline\Pipeline.php:180
#49 \vendor\laramin\utility\src\Utility.php:14
  
[2023-11-30 09:24:08] production.INFO: Detected N+1 Query  
[2023-11-30 09:24:08] production.INFO: Model: App\Models\Currency
Relation: App\Models\Form
Num-Called: 2
Call-Stack:
#19 \app\Http\Controllers\Admin\CurrencyController.php:33
#20 \vendor\laravel\framework\src\Illuminate\Routing\Controller.php:54
#21 \vendor\laravel\framework\src\Illuminate\Routing\ControllerDispatcher.php:43
#22 \vendor\laravel\framework\src\Illuminate\Routing\Route.php:260
#23 \vendor\laravel\framework\src\Illuminate\Routing\Route.php:205
#24 \vendor\laravel\framework\src\Illuminate\Routing\Router.php:798
#25 \vendor\laravel\framework\src\Illuminate\Pipeline\Pipeline.php:141
#26 \app\Http\Controllers\Controller.php:19
#27 \vendor\laravel\framework\src\Illuminate\Pipeline\Pipeline.php:162
#28 \app\Http\Middleware\RedirectIfNotAdmin.php:22
#29 \vendor\laravel\framework\src\Illuminate\Pipeline\Pipeline.php:180
#30 \app\Http\Middleware\IpBlock.php:23
#31 \vendor\laravel\framework\src\Illuminate\Pipeline\Pipeline.php:180
#32 \app\Http\Middleware\LanguageMiddleware.php:20
#33 \vendor\laravel\framework\src\Illuminate\Pipeline\Pipeline.php:180
#34 \vendor\laravel\framework\src\Illuminate\Routing\Middleware\SubstituteBindings.php:50
#35 \vendor\laravel\framework\src\Illuminate\Pipeline\Pipeline.php:180
#36 \vendor\laravel\framework\src\Illuminate\Foundation\Http\Middleware\VerifyCsrfToken.php:78
#37 \vendor\laravel\framework\src\Illuminate\Pipeline\Pipeline.php:180
#38 \vendor\laravel\framework\src\Illuminate\View\Middleware\ShareErrorsFromSession.php:49
#39 \vendor\laravel\framework\src\Illuminate\Pipeline\Pipeline.php:180
#40 \app\Http\Middleware\ActiveTemplateMiddleware.php:29
#41 \vendor\laravel\framework\src\Illuminate\Pipeline\Pipeline.php:180
#42 \vendor\laravel\framework\src\Illuminate\Session\Middleware\StartSession.php:121
#43 \vendor\laravel\framework\src\Illuminate\Session\Middleware\StartSession.php:64
#44 \vendor\laravel\framework\src\Illuminate\Pipeline\Pipeline.php:180
#45 \vendor\laravel\framework\src\Illuminate\Cookie\Middleware\AddQueuedCookiesToResponse.php:37
#46 \vendor\laravel\framework\src\Illuminate\Pipeline\Pipeline.php:180
#47 \vendor\laravel\framework\src\Illuminate\Cookie\Middleware\EncryptCookies.php:67
#48 \vendor\laravel\framework\src\Illuminate\Pipeline\Pipeline.php:180
#49 \vendor\laramin\utility\src\Utility.php:14
  
[2023-11-30 09:24:13] production.INFO: Detected N+1 Query  
[2023-11-30 09:24:13] production.INFO: Model: App\Models\Currency
Relation: App\Models\Form
Num-Called: 2
Call-Stack:
#19 \app\Http\Controllers\Admin\CurrencyController.php:33
#20 \vendor\laravel\framework\src\Illuminate\Routing\Controller.php:54
#21 \vendor\laravel\framework\src\Illuminate\Routing\ControllerDispatcher.php:43
#22 \vendor\laravel\framework\src\Illuminate\Routing\Route.php:260
#23 \vendor\laravel\framework\src\Illuminate\Routing\Route.php:205
#24 \vendor\laravel\framework\src\Illuminate\Routing\Router.php:798
#25 \vendor\laravel\framework\src\Illuminate\Pipeline\Pipeline.php:141
#26 \app\Http\Controllers\Controller.php:19
#27 \vendor\laravel\framework\src\Illuminate\Pipeline\Pipeline.php:162
#28 \app\Http\Middleware\RedirectIfNotAdmin.php:22
#29 \vendor\laravel\framework\src\Illuminate\Pipeline\Pipeline.php:180
#30 \app\Http\Middleware\IpBlock.php:23
#31 \vendor\laravel\framework\src\Illuminate\Pipeline\Pipeline.php:180
#32 \app\Http\Middleware\LanguageMiddleware.php:20
#33 \vendor\laravel\framework\src\Illuminate\Pipeline\Pipeline.php:180
#34 \vendor\laravel\framework\src\Illuminate\Routing\Middleware\SubstituteBindings.php:50
#35 \vendor\laravel\framework\src\Illuminate\Pipeline\Pipeline.php:180
#36 \vendor\laravel\framework\src\Illuminate\Foundation\Http\Middleware\VerifyCsrfToken.php:78
#37 \vendor\laravel\framework\src\Illuminate\Pipeline\Pipeline.php:180
#38 \vendor\laravel\framework\src\Illuminate\View\Middleware\ShareErrorsFromSession.php:49
#39 \vendor\laravel\framework\src\Illuminate\Pipeline\Pipeline.php:180
#40 \app\Http\Middleware\ActiveTemplateMiddleware.php:29
#41 \vendor\laravel\framework\src\Illuminate\Pipeline\Pipeline.php:180
#42 \vendor\laravel\framework\src\Illuminate\Session\Middleware\StartSession.php:121
#43 \vendor\laravel\framework\src\Illuminate\Session\Middleware\StartSession.php:64
#44 \vendor\laravel\framework\src\Illuminate\Pipeline\Pipeline.php:180
#45 \vendor\laravel\framework\src\Illuminate\Cookie\Middleware\AddQueuedCookiesToResponse.php:37
#46 \vendor\laravel\framework\src\Illuminate\Pipeline\Pipeline.php:180
#47 \vendor\laravel\framework\src\Illuminate\Cookie\Middleware\EncryptCookies.php:67
#48 \vendor\laravel\framework\src\Illuminate\Pipeline\Pipeline.php:180
#49 \vendor\laramin\utility\src\Utility.php:14
  
[2023-11-30 09:24:28] production.INFO: Detected N+1 Query  
[2023-11-30 09:24:28] production.INFO: Model: App\Models\Currency
Relation: App\Models\Form
Num-Called: 2
Call-Stack:
#19 \app\Http\Controllers\Admin\CurrencyController.php:33
#20 \vendor\laravel\framework\src\Illuminate\Routing\Controller.php:54
#21 \vendor\laravel\framework\src\Illuminate\Routing\ControllerDispatcher.php:43
#22 \vendor\laravel\framework\src\Illuminate\Routing\Route.php:260
#23 \vendor\laravel\framework\src\Illuminate\Routing\Route.php:205
#24 \vendor\laravel\framework\src\Illuminate\Routing\Router.php:798
#25 \vendor\laravel\framework\src\Illuminate\Pipeline\Pipeline.php:141
#26 \app\Http\Controllers\Controller.php:19
#27 \vendor\laravel\framework\src\Illuminate\Pipeline\Pipeline.php:162
#28 \app\Http\Middleware\RedirectIfNotAdmin.php:22
#29 \vendor\laravel\framework\src\Illuminate\Pipeline\Pipeline.php:180
#30 \app\Http\Middleware\IpBlock.php:23
#31 \vendor\laravel\framework\src\Illuminate\Pipeline\Pipeline.php:180
#32 \app\Http\Middleware\LanguageMiddleware.php:20
#33 \vendor\laravel\framework\src\Illuminate\Pipeline\Pipeline.php:180
#34 \vendor\laravel\framework\src\Illuminate\Routing\Middleware\SubstituteBindings.php:50
#35 \vendor\laravel\framework\src\Illuminate\Pipeline\Pipeline.php:180
#36 \vendor\laravel\framework\src\Illuminate\Foundation\Http\Middleware\VerifyCsrfToken.php:78
#37 \vendor\laravel\framework\src\Illuminate\Pipeline\Pipeline.php:180
#38 \vendor\laravel\framework\src\Illuminate\View\Middleware\ShareErrorsFromSession.php:49
#39 \vendor\laravel\framework\src\Illuminate\Pipeline\Pipeline.php:180
#40 \app\Http\Middleware\ActiveTemplateMiddleware.php:29
#41 \vendor\laravel\framework\src\Illuminate\Pipeline\Pipeline.php:180
#42 \vendor\laravel\framework\src\Illuminate\Session\Middleware\StartSession.php:121
#43 \vendor\laravel\framework\src\Illuminate\Session\Middleware\StartSession.php:64
#44 \vendor\laravel\framework\src\Illuminate\Pipeline\Pipeline.php:180
#45 \vendor\laravel\framework\src\Illuminate\Cookie\Middleware\AddQueuedCookiesToResponse.php:37
#46 \vendor\laravel\framework\src\Illuminate\Pipeline\Pipeline.php:180
#47 \vendor\laravel\framework\src\Illuminate\Cookie\Middleware\EncryptCookies.php:67
#48 \vendor\laravel\framework\src\Illuminate\Pipeline\Pipeline.php:180
#49 \vendor\laramin\utility\src\Utility.php:14
  
[2023-11-30 09:24:37] production.INFO: Detected N+1 Query  
[2023-11-30 09:24:37] production.INFO: Model: App\Models\Currency
Relation: App\Models\Form
Num-Called: 2
Call-Stack:
#19 \app\Http\Controllers\Admin\CurrencyController.php:33
#20 \vendor\laravel\framework\src\Illuminate\Routing\Controller.php:54
#21 \vendor\laravel\framework\src\Illuminate\Routing\ControllerDispatcher.php:43
#22 \vendor\laravel\framework\src\Illuminate\Routing\Route.php:260
#23 \vendor\laravel\framework\src\Illuminate\Routing\Route.php:205
#24 \vendor\laravel\framework\src\Illuminate\Routing\Router.php:798
#25 \vendor\laravel\framework\src\Illuminate\Pipeline\Pipeline.php:141
#26 \app\Http\Controllers\Controller.php:19
#27 \vendor\laravel\framework\src\Illuminate\Pipeline\Pipeline.php:162
#28 \app\Http\Middleware\RedirectIfNotAdmin.php:22
#29 \vendor\laravel\framework\src\Illuminate\Pipeline\Pipeline.php:180
#30 \app\Http\Middleware\IpBlock.php:23
#31 \vendor\laravel\framework\src\Illuminate\Pipeline\Pipeline.php:180
#32 \app\Http\Middleware\LanguageMiddleware.php:20
#33 \vendor\laravel\framework\src\Illuminate\Pipeline\Pipeline.php:180
#34 \vendor\laravel\framework\src\Illuminate\Routing\Middleware\SubstituteBindings.php:50
#35 \vendor\laravel\framework\src\Illuminate\Pipeline\Pipeline.php:180
#36 \vendor\laravel\framework\src\Illuminate\Foundation\Http\Middleware\VerifyCsrfToken.php:78
#37 \vendor\laravel\framework\src\Illuminate\Pipeline\Pipeline.php:180
#38 \vendor\laravel\framework\src\Illuminate\View\Middleware\ShareErrorsFromSession.php:49
#39 \vendor\laravel\framework\src\Illuminate\Pipeline\Pipeline.php:180
#40 \app\Http\Middleware\ActiveTemplateMiddleware.php:29
#41 \vendor\laravel\framework\src\Illuminate\Pipeline\Pipeline.php:180
#42 \vendor\laravel\framework\src\Illuminate\Session\Middleware\StartSession.php:121
#43 \vendor\laravel\framework\src\Illuminate\Session\Middleware\StartSession.php:64
#44 \vendor\laravel\framework\src\Illuminate\Pipeline\Pipeline.php:180
#45 \vendor\laravel\framework\src\Illuminate\Cookie\Middleware\AddQueuedCookiesToResponse.php:37
#46 \vendor\laravel\framework\src\Illuminate\Pipeline\Pipeline.php:180
#47 \vendor\laravel\framework\src\Illuminate\Cookie\Middleware\EncryptCookies.php:67
#48 \vendor\laravel\framework\src\Illuminate\Pipeline\Pipeline.php:180
#49 \vendor\laramin\utility\src\Utility.php:14
  
[2023-11-30 09:24:50] production.INFO: Detected N+1 Query  
[2023-11-30 09:24:50] production.INFO: Model: App\Models\Currency
Relation: App\Models\Form
Num-Called: 2
Call-Stack:
#19 \app\Http\Controllers\Admin\CurrencyController.php:33
#20 \vendor\laravel\framework\src\Illuminate\Routing\Controller.php:54
#21 \vendor\laravel\framework\src\Illuminate\Routing\ControllerDispatcher.php:43
#22 \vendor\laravel\framework\src\Illuminate\Routing\Route.php:260
#23 \vendor\laravel\framework\src\Illuminate\Routing\Route.php:205
#24 \vendor\laravel\framework\src\Illuminate\Routing\Router.php:798
#25 \vendor\laravel\framework\src\Illuminate\Pipeline\Pipeline.php:141
#26 \app\Http\Controllers\Controller.php:19
#27 \vendor\laravel\framework\src\Illuminate\Pipeline\Pipeline.php:162
#28 \app\Http\Middleware\RedirectIfNotAdmin.php:22
#29 \vendor\laravel\framework\src\Illuminate\Pipeline\Pipeline.php:180
#30 \app\Http\Middleware\IpBlock.php:23
#31 \vendor\laravel\framework\src\Illuminate\Pipeline\Pipeline.php:180
#32 \app\Http\Middleware\LanguageMiddleware.php:20
#33 \vendor\laravel\framework\src\Illuminate\Pipeline\Pipeline.php:180
#34 \vendor\laravel\framework\src\Illuminate\Routing\Middleware\SubstituteBindings.php:50
#35 \vendor\laravel\framework\src\Illuminate\Pipeline\Pipeline.php:180
#36 \vendor\laravel\framework\src\Illuminate\Foundation\Http\Middleware\VerifyCsrfToken.php:78
#37 \vendor\laravel\framework\src\Illuminate\Pipeline\Pipeline.php:180
#38 \vendor\laravel\framework\src\Illuminate\View\Middleware\ShareErrorsFromSession.php:49
#39 \vendor\laravel\framework\src\Illuminate\Pipeline\Pipeline.php:180
#40 \app\Http\Middleware\ActiveTemplateMiddleware.php:29
#41 \vendor\laravel\framework\src\Illuminate\Pipeline\Pipeline.php:180
#42 \vendor\laravel\framework\src\Illuminate\Session\Middleware\StartSession.php:121
#43 \vendor\laravel\framework\src\Illuminate\Session\Middleware\StartSession.php:64
#44 \vendor\laravel\framework\src\Illuminate\Pipeline\Pipeline.php:180
#45 \vendor\laravel\framework\src\Illuminate\Cookie\Middleware\AddQueuedCookiesToResponse.php:37
#46 \vendor\laravel\framework\src\Illuminate\Pipeline\Pipeline.php:180
#47 \vendor\laravel\framework\src\Illuminate\Cookie\Middleware\EncryptCookies.php:67
#48 \vendor\laravel\framework\src\Illuminate\Pipeline\Pipeline.php:180
#49 \vendor\laramin\utility\src\Utility.php:14
  
[2023-11-30 09:24:53] production.INFO: Detected N+1 Query  
[2023-11-30 09:24:53] production.INFO: Model: App\Models\Currency
Relation: App\Models\Form
Num-Called: 2
Call-Stack:
#19 \app\Http\Controllers\Admin\CurrencyController.php:33
#20 \vendor\laravel\framework\src\Illuminate\Routing\Controller.php:54
#21 \vendor\laravel\framework\src\Illuminate\Routing\ControllerDispatcher.php:43
#22 \vendor\laravel\framework\src\Illuminate\Routing\Route.php:260
#23 \vendor\laravel\framework\src\Illuminate\Routing\Route.php:205
#24 \vendor\laravel\framework\src\Illuminate\Routing\Router.php:798
#25 \vendor\laravel\framework\src\Illuminate\Pipeline\Pipeline.php:141
#26 \app\Http\Controllers\Controller.php:19
#27 \vendor\laravel\framework\src\Illuminate\Pipeline\Pipeline.php:162
#28 \app\Http\Middleware\RedirectIfNotAdmin.php:22
#29 \vendor\laravel\framework\src\Illuminate\Pipeline\Pipeline.php:180
#30 \app\Http\Middleware\IpBlock.php:23
#31 \vendor\laravel\framework\src\Illuminate\Pipeline\Pipeline.php:180
#32 \app\Http\Middleware\LanguageMiddleware.php:20
#33 \vendor\laravel\framework\src\Illuminate\Pipeline\Pipeline.php:180
#34 \vendor\laravel\framework\src\Illuminate\Routing\Middleware\SubstituteBindings.php:50
#35 \vendor\laravel\framework\src\Illuminate\Pipeline\Pipeline.php:180
#36 \vendor\laravel\framework\src\Illuminate\Foundation\Http\Middleware\VerifyCsrfToken.php:78
#37 \vendor\laravel\framework\src\Illuminate\Pipeline\Pipeline.php:180
#38 \vendor\laravel\framework\src\Illuminate\View\Middleware\ShareErrorsFromSession.php:49
#39 \vendor\laravel\framework\src\Illuminate\Pipeline\Pipeline.php:180
#40 \app\Http\Middleware\ActiveTemplateMiddleware.php:29
#41 \vendor\laravel\framework\src\Illuminate\Pipeline\Pipeline.php:180
#42 \vendor\laravel\framework\src\Illuminate\Session\Middleware\StartSession.php:121
#43 \vendor\laravel\framework\src\Illuminate\Session\Middleware\StartSession.php:64
#44 \vendor\laravel\framework\src\Illuminate\Pipeline\Pipeline.php:180
#45 \vendor\laravel\framework\src\Illuminate\Cookie\Middleware\AddQueuedCookiesToResponse.php:37
#46 \vendor\laravel\framework\src\Illuminate\Pipeline\Pipeline.php:180
#47 \vendor\laravel\framework\src\Illuminate\Cookie\Middleware\EncryptCookies.php:67
#48 \vendor\laravel\framework\src\Illuminate\Pipeline\Pipeline.php:180
#49 \vendor\laramin\utility\src\Utility.php:14
  
[2023-11-30 09:26:24] production.INFO: Detected N+1 Query  
[2023-11-30 09:26:24] production.INFO: Model: App\Models\Currency
Relation: App\Models\Form
Num-Called: 2
Call-Stack:
#19 \app\Http\Controllers\Admin\CurrencyController.php:33
#20 \vendor\laravel\framework\src\Illuminate\Routing\Controller.php:54
#21 \vendor\laravel\framework\src\Illuminate\Routing\ControllerDispatcher.php:43
#22 \vendor\laravel\framework\src\Illuminate\Routing\Route.php:260
#23 \vendor\laravel\framework\src\Illuminate\Routing\Route.php:205
#24 \vendor\laravel\framework\src\Illuminate\Routing\Router.php:798
#25 \vendor\laravel\framework\src\Illuminate\Pipeline\Pipeline.php:141
#26 \app\Http\Controllers\Controller.php:19
#27 \vendor\laravel\framework\src\Illuminate\Pipeline\Pipeline.php:162
#28 \app\Http\Middleware\RedirectIfNotAdmin.php:22
#29 \vendor\laravel\framework\src\Illuminate\Pipeline\Pipeline.php:180
#30 \app\Http\Middleware\IpBlock.php:23
#31 \vendor\laravel\framework\src\Illuminate\Pipeline\Pipeline.php:180
#32 \app\Http\Middleware\LanguageMiddleware.php:20
#33 \vendor\laravel\framework\src\Illuminate\Pipeline\Pipeline.php:180
#34 \vendor\laravel\framework\src\Illuminate\Routing\Middleware\SubstituteBindings.php:50
#35 \vendor\laravel\framework\src\Illuminate\Pipeline\Pipeline.php:180
#36 \vendor\laravel\framework\src\Illuminate\Foundation\Http\Middleware\VerifyCsrfToken.php:78
#37 \vendor\laravel\framework\src\Illuminate\Pipeline\Pipeline.php:180
#38 \vendor\laravel\framework\src\Illuminate\View\Middleware\ShareErrorsFromSession.php:49
#39 \vendor\laravel\framework\src\Illuminate\Pipeline\Pipeline.php:180
#40 \app\Http\Middleware\ActiveTemplateMiddleware.php:29
#41 \vendor\laravel\framework\src\Illuminate\Pipeline\Pipeline.php:180
#42 \vendor\laravel\framework\src\Illuminate\Session\Middleware\StartSession.php:121
#43 \vendor\laravel\framework\src\Illuminate\Session\Middleware\StartSession.php:64
#44 \vendor\laravel\framework\src\Illuminate\Pipeline\Pipeline.php:180
#45 \vendor\laravel\framework\src\Illuminate\Cookie\Middleware\AddQueuedCookiesToResponse.php:37
#46 \vendor\laravel\framework\src\Illuminate\Pipeline\Pipeline.php:180
#47 \vendor\laravel\framework\src\Illuminate\Cookie\Middleware\EncryptCookies.php:67
#48 \vendor\laravel\framework\src\Illuminate\Pipeline\Pipeline.php:180
#49 \vendor\laramin\utility\src\Utility.php:14
  
[2023-11-30 09:26:29] production.INFO: Detected N+1 Query  
[2023-11-30 09:26:29] production.INFO: Model: App\Models\Currency
Relation: App\Models\Form
Num-Called: 2
Call-Stack:
#19 \app\Http\Controllers\Admin\CurrencyController.php:33
#20 \vendor\laravel\framework\src\Illuminate\Routing\Controller.php:54
#21 \vendor\laravel\framework\src\Illuminate\Routing\ControllerDispatcher.php:43
#22 \vendor\laravel\framework\src\Illuminate\Routing\Route.php:260
#23 \vendor\laravel\framework\src\Illuminate\Routing\Route.php:205
#24 \vendor\laravel\framework\src\Illuminate\Routing\Router.php:798
#25 \vendor\laravel\framework\src\Illuminate\Pipeline\Pipeline.php:141
#26 \app\Http\Controllers\Controller.php:19
#27 \vendor\laravel\framework\src\Illuminate\Pipeline\Pipeline.php:162
#28 \app\Http\Middleware\RedirectIfNotAdmin.php:22
#29 \vendor\laravel\framework\src\Illuminate\Pipeline\Pipeline.php:180
#30 \app\Http\Middleware\IpBlock.php:23
#31 \vendor\laravel\framework\src\Illuminate\Pipeline\Pipeline.php:180
#32 \app\Http\Middleware\LanguageMiddleware.php:20
#33 \vendor\laravel\framework\src\Illuminate\Pipeline\Pipeline.php:180
#34 \vendor\laravel\framework\src\Illuminate\Routing\Middleware\SubstituteBindings.php:50
#35 \vendor\laravel\framework\src\Illuminate\Pipeline\Pipeline.php:180
#36 \vendor\laravel\framework\src\Illuminate\Foundation\Http\Middleware\VerifyCsrfToken.php:78
#37 \vendor\laravel\framework\src\Illuminate\Pipeline\Pipeline.php:180
#38 \vendor\laravel\framework\src\Illuminate\View\Middleware\ShareErrorsFromSession.php:49
#39 \vendor\laravel\framework\src\Illuminate\Pipeline\Pipeline.php:180
#40 \app\Http\Middleware\ActiveTemplateMiddleware.php:29
#41 \vendor\laravel\framework\src\Illuminate\Pipeline\Pipeline.php:180
#42 \vendor\laravel\framework\src\Illuminate\Session\Middleware\StartSession.php:121
#43 \vendor\laravel\framework\src\Illuminate\Session\Middleware\StartSession.php:64
#44 \vendor\laravel\framework\src\Illuminate\Pipeline\Pipeline.php:180
#45 \vendor\laravel\framework\src\Illuminate\Cookie\Middleware\AddQueuedCookiesToResponse.php:37
#46 \vendor\laravel\framework\src\Illuminate\Pipeline\Pipeline.php:180
#47 \vendor\laravel\framework\src\Illuminate\Cookie\Middleware\EncryptCookies.php:67
#48 \vendor\laravel\framework\src\Illuminate\Pipeline\Pipeline.php:180
#49 \vendor\laramin\utility\src\Utility.php:14
  
[2023-11-30 09:26:49] production.INFO: Detected N+1 Query  
[2023-11-30 09:26:49] production.INFO: Model: App\Models\Currency
Relation: App\Models\Form
Num-Called: 2
Call-Stack:
#19 \app\Http\Controllers\Admin\CurrencyController.php:33
#20 \vendor\laravel\framework\src\Illuminate\Routing\Controller.php:54
#21 \vendor\laravel\framework\src\Illuminate\Routing\ControllerDispatcher.php:43
#22 \vendor\laravel\framework\src\Illuminate\Routing\Route.php:260
#23 \vendor\laravel\framework\src\Illuminate\Routing\Route.php:205
#24 \vendor\laravel\framework\src\Illuminate\Routing\Router.php:798
#25 \vendor\laravel\framework\src\Illuminate\Pipeline\Pipeline.php:141
#26 \app\Http\Controllers\Controller.php:19
#27 \vendor\laravel\framework\src\Illuminate\Pipeline\Pipeline.php:162
#28 \app\Http\Middleware\RedirectIfNotAdmin.php:22
#29 \vendor\laravel\framework\src\Illuminate\Pipeline\Pipeline.php:180
#30 \app\Http\Middleware\IpBlock.php:23
#31 \vendor\laravel\framework\src\Illuminate\Pipeline\Pipeline.php:180
#32 \app\Http\Middleware\LanguageMiddleware.php:20
#33 \vendor\laravel\framework\src\Illuminate\Pipeline\Pipeline.php:180
#34 \vendor\laravel\framework\src\Illuminate\Routing\Middleware\SubstituteBindings.php:50
#35 \vendor\laravel\framework\src\Illuminate\Pipeline\Pipeline.php:180
#36 \vendor\laravel\framework\src\Illuminate\Foundation\Http\Middleware\VerifyCsrfToken.php:78
#37 \vendor\laravel\framework\src\Illuminate\Pipeline\Pipeline.php:180
#38 \vendor\laravel\framework\src\Illuminate\View\Middleware\ShareErrorsFromSession.php:49
#39 \vendor\laravel\framework\src\Illuminate\Pipeline\Pipeline.php:180
#40 \app\Http\Middleware\ActiveTemplateMiddleware.php:29
#41 \vendor\laravel\framework\src\Illuminate\Pipeline\Pipeline.php:180
#42 \vendor\laravel\framework\src\Illuminate\Session\Middleware\StartSession.php:121
#43 \vendor\laravel\framework\src\Illuminate\Session\Middleware\StartSession.php:64
#44 \vendor\laravel\framework\src\Illuminate\Pipeline\Pipeline.php:180
#45 \vendor\laravel\framework\src\Illuminate\Cookie\Middleware\AddQueuedCookiesToResponse.php:37
#46 \vendor\laravel\framework\src\Illuminate\Pipeline\Pipeline.php:180
#47 \vendor\laravel\framework\src\Illuminate\Cookie\Middleware\EncryptCookies.php:67
#48 \vendor\laravel\framework\src\Illuminate\Pipeline\Pipeline.php:180
#49 \vendor\laramin\utility\src\Utility.php:14
  
[2023-11-30 09:26:53] production.INFO: Detected N+1 Query  
[2023-11-30 09:26:53] production.INFO: Model: App\Models\Currency
Relation: App\Models\Form
Num-Called: 2
Call-Stack:
#19 \app\Http\Controllers\Admin\CurrencyController.php:33
#20 \vendor\laravel\framework\src\Illuminate\Routing\Controller.php:54
#21 \vendor\laravel\framework\src\Illuminate\Routing\ControllerDispatcher.php:43
#22 \vendor\laravel\framework\src\Illuminate\Routing\Route.php:260
#23 \vendor\laravel\framework\src\Illuminate\Routing\Route.php:205
#24 \vendor\laravel\framework\src\Illuminate\Routing\Router.php:798
#25 \vendor\laravel\framework\src\Illuminate\Pipeline\Pipeline.php:141
#26 \app\Http\Controllers\Controller.php:19
#27 \vendor\laravel\framework\src\Illuminate\Pipeline\Pipeline.php:162
#28 \app\Http\Middleware\RedirectIfNotAdmin.php:22
#29 \vendor\laravel\framework\src\Illuminate\Pipeline\Pipeline.php:180
#30 \app\Http\Middleware\IpBlock.php:23
#31 \vendor\laravel\framework\src\Illuminate\Pipeline\Pipeline.php:180
#32 \app\Http\Middleware\LanguageMiddleware.php:20
#33 \vendor\laravel\framework\src\Illuminate\Pipeline\Pipeline.php:180
#34 \vendor\laravel\framework\src\Illuminate\Routing\Middleware\SubstituteBindings.php:50
#35 \vendor\laravel\framework\src\Illuminate\Pipeline\Pipeline.php:180
#36 \vendor\laravel\framework\src\Illuminate\Foundation\Http\Middleware\VerifyCsrfToken.php:78
#37 \vendor\laravel\framework\src\Illuminate\Pipeline\Pipeline.php:180
#38 \vendor\laravel\framework\src\Illuminate\View\Middleware\ShareErrorsFromSession.php:49
#39 \vendor\laravel\framework\src\Illuminate\Pipeline\Pipeline.php:180
#40 \app\Http\Middleware\ActiveTemplateMiddleware.php:29
#41 \vendor\laravel\framework\src\Illuminate\Pipeline\Pipeline.php:180
#42 \vendor\laravel\framework\src\Illuminate\Session\Middleware\StartSession.php:121
#43 \vendor\laravel\framework\src\Illuminate\Session\Middleware\StartSession.php:64
#44 \vendor\laravel\framework\src\Illuminate\Pipeline\Pipeline.php:180
#45 \vendor\laravel\framework\src\Illuminate\Cookie\Middleware\AddQueuedCookiesToResponse.php:37
#46 \vendor\laravel\framework\src\Illuminate\Pipeline\Pipeline.php:180
#47 \vendor\laravel\framework\src\Illuminate\Cookie\Middleware\EncryptCookies.php:67
#48 \vendor\laravel\framework\src\Illuminate\Pipeline\Pipeline.php:180
#49 \vendor\laramin\utility\src\Utility.php:14
  
[2023-11-30 09:27:18] production.INFO: Detected N+1 Query  
[2023-11-30 09:27:18] production.INFO: Model: App\Models\Currency
Relation: App\Models\Form
Num-Called: 2
Call-Stack:
#19 \app\Http\Controllers\Admin\CurrencyController.php:33
#20 \vendor\laravel\framework\src\Illuminate\Routing\Controller.php:54
#21 \vendor\laravel\framework\src\Illuminate\Routing\ControllerDispatcher.php:43
#22 \vendor\laravel\framework\src\Illuminate\Routing\Route.php:260
#23 \vendor\laravel\framework\src\Illuminate\Routing\Route.php:205
#24 \vendor\laravel\framework\src\Illuminate\Routing\Router.php:798
#25 \vendor\laravel\framework\src\Illuminate\Pipeline\Pipeline.php:141
#26 \app\Http\Controllers\Controller.php:19
#27 \vendor\laravel\framework\src\Illuminate\Pipeline\Pipeline.php:162
#28 \app\Http\Middleware\RedirectIfNotAdmin.php:22
#29 \vendor\laravel\framework\src\Illuminate\Pipeline\Pipeline.php:180
#30 \app\Http\Middleware\IpBlock.php:23
#31 \vendor\laravel\framework\src\Illuminate\Pipeline\Pipeline.php:180
#32 \app\Http\Middleware\LanguageMiddleware.php:20
#33 \vendor\laravel\framework\src\Illuminate\Pipeline\Pipeline.php:180
#34 \vendor\laravel\framework\src\Illuminate\Routing\Middleware\SubstituteBindings.php:50
#35 \vendor\laravel\framework\src\Illuminate\Pipeline\Pipeline.php:180
#36 \vendor\laravel\framework\src\Illuminate\Foundation\Http\Middleware\VerifyCsrfToken.php:78
#37 \vendor\laravel\framework\src\Illuminate\Pipeline\Pipeline.php:180
#38 \vendor\laravel\framework\src\Illuminate\View\Middleware\ShareErrorsFromSession.php:49
#39 \vendor\laravel\framework\src\Illuminate\Pipeline\Pipeline.php:180
#40 \app\Http\Middleware\ActiveTemplateMiddleware.php:29
#41 \vendor\laravel\framework\src\Illuminate\Pipeline\Pipeline.php:180
#42 \vendor\laravel\framework\src\Illuminate\Session\Middleware\StartSession.php:121
#43 \vendor\laravel\framework\src\Illuminate\Session\Middleware\StartSession.php:64
#44 \vendor\laravel\framework\src\Illuminate\Pipeline\Pipeline.php:180
#45 \vendor\laravel\framework\src\Illuminate\Cookie\Middleware\AddQueuedCookiesToResponse.php:37
#46 \vendor\laravel\framework\src\Illuminate\Pipeline\Pipeline.php:180
#47 \vendor\laravel\framework\src\Illuminate\Cookie\Middleware\EncryptCookies.php:67
#48 \vendor\laravel\framework\src\Illuminate\Pipeline\Pipeline.php:180
#49 \vendor\laramin\utility\src\Utility.php:14
  
[2023-11-30 09:27:21] production.INFO: Detected N+1 Query  
[2023-11-30 09:27:21] production.INFO: Model: App\Models\Currency
Relation: App\Models\Form
Num-Called: 2
Call-Stack:
#19 \app\Http\Controllers\Admin\CurrencyController.php:33
#20 \vendor\laravel\framework\src\Illuminate\Routing\Controller.php:54
#21 \vendor\laravel\framework\src\Illuminate\Routing\ControllerDispatcher.php:43
#22 \vendor\laravel\framework\src\Illuminate\Routing\Route.php:260
#23 \vendor\laravel\framework\src\Illuminate\Routing\Route.php:205
#24 \vendor\laravel\framework\src\Illuminate\Routing\Router.php:798
#25 \vendor\laravel\framework\src\Illuminate\Pipeline\Pipeline.php:141
#26 \app\Http\Controllers\Controller.php:19
#27 \vendor\laravel\framework\src\Illuminate\Pipeline\Pipeline.php:162
#28 \app\Http\Middleware\RedirectIfNotAdmin.php:22
#29 \vendor\laravel\framework\src\Illuminate\Pipeline\Pipeline.php:180
#30 \app\Http\Middleware\IpBlock.php:23
#31 \vendor\laravel\framework\src\Illuminate\Pipeline\Pipeline.php:180
#32 \app\Http\Middleware\LanguageMiddleware.php:20
#33 \vendor\laravel\framework\src\Illuminate\Pipeline\Pipeline.php:180
#34 \vendor\laravel\framework\src\Illuminate\Routing\Middleware\SubstituteBindings.php:50
#35 \vendor\laravel\framework\src\Illuminate\Pipeline\Pipeline.php:180
#36 \vendor\laravel\framework\src\Illuminate\Foundation\Http\Middleware\VerifyCsrfToken.php:78
#37 \vendor\laravel\framework\src\Illuminate\Pipeline\Pipeline.php:180
#38 \vendor\laravel\framework\src\Illuminate\View\Middleware\ShareErrorsFromSession.php:49
#39 \vendor\laravel\framework\src\Illuminate\Pipeline\Pipeline.php:180
#40 \app\Http\Middleware\ActiveTemplateMiddleware.php:29
#41 \vendor\laravel\framework\src\Illuminate\Pipeline\Pipeline.php:180
#42 \vendor\laravel\framework\src\Illuminate\Session\Middleware\StartSession.php:121
#43 \vendor\laravel\framework\src\Illuminate\Session\Middleware\StartSession.php:64
#44 \vendor\laravel\framework\src\Illuminate\Pipeline\Pipeline.php:180
#45 \vendor\laravel\framework\src\Illuminate\Cookie\Middleware\AddQueuedCookiesToResponse.php:37
#46 \vendor\laravel\framework\src\Illuminate\Pipeline\Pipeline.php:180
#47 \vendor\laravel\framework\src\Illuminate\Cookie\Middleware\EncryptCookies.php:67
#48 \vendor\laravel\framework\src\Illuminate\Pipeline\Pipeline.php:180
#49 \vendor\laramin\utility\src\Utility.php:14
  
[2023-11-30 09:28:50] production.INFO: Detected N+1 Query  
[2023-11-30 09:28:50] production.INFO: Model: App\Models\Currency
Relation: App\Models\Form
Num-Called: 2
Call-Stack:
#19 \app\Http\Controllers\Admin\CurrencyController.php:33
#20 \vendor\laravel\framework\src\Illuminate\Routing\Controller.php:54
#21 \vendor\laravel\framework\src\Illuminate\Routing\ControllerDispatcher.php:43
#22 \vendor\laravel\framework\src\Illuminate\Routing\Route.php:260
#23 \vendor\laravel\framework\src\Illuminate\Routing\Route.php:205
#24 \vendor\laravel\framework\src\Illuminate\Routing\Router.php:798
#25 \vendor\laravel\framework\src\Illuminate\Pipeline\Pipeline.php:141
#26 \app\Http\Controllers\Controller.php:19
#27 \vendor\laravel\framework\src\Illuminate\Pipeline\Pipeline.php:162
#28 \app\Http\Middleware\RedirectIfNotAdmin.php:22
#29 \vendor\laravel\framework\src\Illuminate\Pipeline\Pipeline.php:180
#30 \app\Http\Middleware\IpBlock.php:23
#31 \vendor\laravel\framework\src\Illuminate\Pipeline\Pipeline.php:180
#32 \app\Http\Middleware\LanguageMiddleware.php:20
#33 \vendor\laravel\framework\src\Illuminate\Pipeline\Pipeline.php:180
#34 \vendor\laravel\framework\src\Illuminate\Routing\Middleware\SubstituteBindings.php:50
#35 \vendor\laravel\framework\src\Illuminate\Pipeline\Pipeline.php:180
#36 \vendor\laravel\framework\src\Illuminate\Foundation\Http\Middleware\VerifyCsrfToken.php:78
#37 \vendor\laravel\framework\src\Illuminate\Pipeline\Pipeline.php:180
#38 \vendor\laravel\framework\src\Illuminate\View\Middleware\ShareErrorsFromSession.php:49
#39 \vendor\laravel\framework\src\Illuminate\Pipeline\Pipeline.php:180
#40 \app\Http\Middleware\ActiveTemplateMiddleware.php:29
#41 \vendor\laravel\framework\src\Illuminate\Pipeline\Pipeline.php:180
#42 \vendor\laravel\framework\src\Illuminate\Session\Middleware\StartSession.php:121
#43 \vendor\laravel\framework\src\Illuminate\Session\Middleware\StartSession.php:64
#44 \vendor\laravel\framework\src\Illuminate\Pipeline\Pipeline.php:180
#45 \vendor\laravel\framework\src\Illuminate\Cookie\Middleware\AddQueuedCookiesToResponse.php:37
#46 \vendor\laravel\framework\src\Illuminate\Pipeline\Pipeline.php:180
#47 \vendor\laravel\framework\src\Illuminate\Cookie\Middleware\EncryptCookies.php:67
#48 \vendor\laravel\framework\src\Illuminate\Pipeline\Pipeline.php:180
#49 \vendor\laramin\utility\src\Utility.php:14
  
[2023-11-30 09:28:58] production.INFO: Detected N+1 Query  
[2023-11-30 09:28:58] production.INFO: Model: App\Models\Currency
Relation: App\Models\Form
Num-Called: 2
Call-Stack:
#19 \app\Http\Controllers\Admin\CurrencyController.php:33
#20 \vendor\laravel\framework\src\Illuminate\Routing\Controller.php:54
#21 \vendor\laravel\framework\src\Illuminate\Routing\ControllerDispatcher.php:43
#22 \vendor\laravel\framework\src\Illuminate\Routing\Route.php:260
#23 \vendor\laravel\framework\src\Illuminate\Routing\Route.php:205
#24 \vendor\laravel\framework\src\Illuminate\Routing\Router.php:798
#25 \vendor\laravel\framework\src\Illuminate\Pipeline\Pipeline.php:141
#26 \app\Http\Controllers\Controller.php:19
#27 \vendor\laravel\framework\src\Illuminate\Pipeline\Pipeline.php:162
#28 \app\Http\Middleware\RedirectIfNotAdmin.php:22
#29 \vendor\laravel\framework\src\Illuminate\Pipeline\Pipeline.php:180
#30 \app\Http\Middleware\IpBlock.php:23
#31 \vendor\laravel\framework\src\Illuminate\Pipeline\Pipeline.php:180
#32 \app\Http\Middleware\LanguageMiddleware.php:20
#33 \vendor\laravel\framework\src\Illuminate\Pipeline\Pipeline.php:180
#34 \vendor\laravel\framework\src\Illuminate\Routing\Middleware\SubstituteBindings.php:50
#35 \vendor\laravel\framework\src\Illuminate\Pipeline\Pipeline.php:180
#36 \vendor\laravel\framework\src\Illuminate\Foundation\Http\Middleware\VerifyCsrfToken.php:78
#37 \vendor\laravel\framework\src\Illuminate\Pipeline\Pipeline.php:180
#38 \vendor\laravel\framework\src\Illuminate\View\Middleware\ShareErrorsFromSession.php:49
#39 \vendor\laravel\framework\src\Illuminate\Pipeline\Pipeline.php:180
#40 \app\Http\Middleware\ActiveTemplateMiddleware.php:29
#41 \vendor\laravel\framework\src\Illuminate\Pipeline\Pipeline.php:180
#42 \vendor\laravel\framework\src\Illuminate\Session\Middleware\StartSession.php:121
#43 \vendor\laravel\framework\src\Illuminate\Session\Middleware\StartSession.php:64
#44 \vendor\laravel\framework\src\Illuminate\Pipeline\Pipeline.php:180
#45 \vendor\laravel\framework\src\Illuminate\Cookie\Middleware\AddQueuedCookiesToResponse.php:37
#46 \vendor\laravel\framework\src\Illuminate\Pipeline\Pipeline.php:180
#47 \vendor\laravel\framework\src\Illuminate\Cookie\Middleware\EncryptCookies.php:67
#48 \vendor\laravel\framework\src\Illuminate\Pipeline\Pipeline.php:180
#49 \vendor\laramin\utility\src\Utility.php:14
  
[2023-11-30 09:30:02] production.INFO: Detected N+1 Query  
[2023-11-30 09:30:02] production.INFO: Model: App\Models\Currency
Relation: App\Models\Form
Num-Called: 2
Call-Stack:
#19 \app\Http\Controllers\Admin\CurrencyController.php:33
#20 \vendor\laravel\framework\src\Illuminate\Routing\Controller.php:54
#21 \vendor\laravel\framework\src\Illuminate\Routing\ControllerDispatcher.php:43
#22 \vendor\laravel\framework\src\Illuminate\Routing\Route.php:260
#23 \vendor\laravel\framework\src\Illuminate\Routing\Route.php:205
#24 \vendor\laravel\framework\src\Illuminate\Routing\Router.php:798
#25 \vendor\laravel\framework\src\Illuminate\Pipeline\Pipeline.php:141
#26 \app\Http\Controllers\Controller.php:19
#27 \vendor\laravel\framework\src\Illuminate\Pipeline\Pipeline.php:162
#28 \app\Http\Middleware\RedirectIfNotAdmin.php:22
#29 \vendor\laravel\framework\src\Illuminate\Pipeline\Pipeline.php:180
#30 \app\Http\Middleware\IpBlock.php:23
#31 \vendor\laravel\framework\src\Illuminate\Pipeline\Pipeline.php:180
#32 \app\Http\Middleware\LanguageMiddleware.php:20
#33 \vendor\laravel\framework\src\Illuminate\Pipeline\Pipeline.php:180
#34 \vendor\laravel\framework\src\Illuminate\Routing\Middleware\SubstituteBindings.php:50
#35 \vendor\laravel\framework\src\Illuminate\Pipeline\Pipeline.php:180
#36 \vendor\laravel\framework\src\Illuminate\Foundation\Http\Middleware\VerifyCsrfToken.php:78
#37 \vendor\laravel\framework\src\Illuminate\Pipeline\Pipeline.php:180
#38 \vendor\laravel\framework\src\Illuminate\View\Middleware\ShareErrorsFromSession.php:49
#39 \vendor\laravel\framework\src\Illuminate\Pipeline\Pipeline.php:180
#40 \app\Http\Middleware\ActiveTemplateMiddleware.php:29
#41 \vendor\laravel\framework\src\Illuminate\Pipeline\Pipeline.php:180
#42 \vendor\laravel\framework\src\Illuminate\Session\Middleware\StartSession.php:121
#43 \vendor\laravel\framework\src\Illuminate\Session\Middleware\StartSession.php:64
#44 \vendor\laravel\framework\src\Illuminate\Pipeline\Pipeline.php:180
#45 \vendor\laravel\framework\src\Illuminate\Cookie\Middleware\AddQueuedCookiesToResponse.php:37
#46 \vendor\laravel\framework\src\Illuminate\Pipeline\Pipeline.php:180
#47 \vendor\laravel\framework\src\Illuminate\Cookie\Middleware\EncryptCookies.php:67
#48 \vendor\laravel\framework\src\Illuminate\Pipeline\Pipeline.php:180
#49 \vendor\laramin\utility\src\Utility.php:14
  
[2023-11-30 09:30:05] production.INFO: Detected N+1 Query  
[2023-11-30 09:30:05] production.INFO: Model: App\Models\Currency
Relation: App\Models\Form
Num-Called: 2
Call-Stack:
#19 \app\Http\Controllers\Admin\CurrencyController.php:33
#20 \vendor\laravel\framework\src\Illuminate\Routing\Controller.php:54
#21 \vendor\laravel\framework\src\Illuminate\Routing\ControllerDispatcher.php:43
#22 \vendor\laravel\framework\src\Illuminate\Routing\Route.php:260
#23 \vendor\laravel\framework\src\Illuminate\Routing\Route.php:205
#24 \vendor\laravel\framework\src\Illuminate\Routing\Router.php:798
#25 \vendor\laravel\framework\src\Illuminate\Pipeline\Pipeline.php:141
#26 \app\Http\Controllers\Controller.php:19
#27 \vendor\laravel\framework\src\Illuminate\Pipeline\Pipeline.php:162
#28 \app\Http\Middleware\RedirectIfNotAdmin.php:22
#29 \vendor\laravel\framework\src\Illuminate\Pipeline\Pipeline.php:180
#30 \app\Http\Middleware\IpBlock.php:23
#31 \vendor\laravel\framework\src\Illuminate\Pipeline\Pipeline.php:180
#32 \app\Http\Middleware\LanguageMiddleware.php:20
#33 \vendor\laravel\framework\src\Illuminate\Pipeline\Pipeline.php:180
#34 \vendor\laravel\framework\src\Illuminate\Routing\Middleware\SubstituteBindings.php:50
#35 \vendor\laravel\framework\src\Illuminate\Pipeline\Pipeline.php:180
#36 \vendor\laravel\framework\src\Illuminate\Foundation\Http\Middleware\VerifyCsrfToken.php:78
#37 \vendor\laravel\framework\src\Illuminate\Pipeline\Pipeline.php:180
#38 \vendor\laravel\framework\src\Illuminate\View\Middleware\ShareErrorsFromSession.php:49
#39 \vendor\laravel\framework\src\Illuminate\Pipeline\Pipeline.php:180
#40 \app\Http\Middleware\ActiveTemplateMiddleware.php:29
#41 \vendor\laravel\framework\src\Illuminate\Pipeline\Pipeline.php:180
#42 \vendor\laravel\framework\src\Illuminate\Session\Middleware\StartSession.php:121
#43 \vendor\laravel\framework\src\Illuminate\Session\Middleware\StartSession.php:64
#44 \vendor\laravel\framework\src\Illuminate\Pipeline\Pipeline.php:180
#45 \vendor\laravel\framework\src\Illuminate\Cookie\Middleware\AddQueuedCookiesToResponse.php:37
#46 \vendor\laravel\framework\src\Illuminate\Pipeline\Pipeline.php:180
#47 \vendor\laravel\framework\src\Illuminate\Cookie\Middleware\EncryptCookies.php:67
#48 \vendor\laravel\framework\src\Illuminate\Pipeline\Pipeline.php:180
#49 \vendor\laramin\utility\src\Utility.php:14
  
[2023-11-30 09:30:33] production.INFO: Detected N+1 Query  
[2023-11-30 09:30:33] production.INFO: Model: App\Models\Currency
Relation: App\Models\Form
Num-Called: 2
Call-Stack:
#19 \app\Http\Controllers\Admin\CurrencyController.php:33
#20 \vendor\laravel\framework\src\Illuminate\Routing\Controller.php:54
#21 \vendor\laravel\framework\src\Illuminate\Routing\ControllerDispatcher.php:43
#22 \vendor\laravel\framework\src\Illuminate\Routing\Route.php:260
#23 \vendor\laravel\framework\src\Illuminate\Routing\Route.php:205
#24 \vendor\laravel\framework\src\Illuminate\Routing\Router.php:798
#25 \vendor\laravel\framework\src\Illuminate\Pipeline\Pipeline.php:141
#26 \app\Http\Controllers\Controller.php:19
#27 \vendor\laravel\framework\src\Illuminate\Pipeline\Pipeline.php:162
#28 \app\Http\Middleware\RedirectIfNotAdmin.php:22
#29 \vendor\laravel\framework\src\Illuminate\Pipeline\Pipeline.php:180
#30 \app\Http\Middleware\IpBlock.php:23
#31 \vendor\laravel\framework\src\Illuminate\Pipeline\Pipeline.php:180
#32 \app\Http\Middleware\LanguageMiddleware.php:20
#33 \vendor\laravel\framework\src\Illuminate\Pipeline\Pipeline.php:180
#34 \vendor\laravel\framework\src\Illuminate\Routing\Middleware\SubstituteBindings.php:50
#35 \vendor\laravel\framework\src\Illuminate\Pipeline\Pipeline.php:180
#36 \vendor\laravel\framework\src\Illuminate\Foundation\Http\Middleware\VerifyCsrfToken.php:78
#37 \vendor\laravel\framework\src\Illuminate\Pipeline\Pipeline.php:180
#38 \vendor\laravel\framework\src\Illuminate\View\Middleware\ShareErrorsFromSession.php:49
#39 \vendor\laravel\framework\src\Illuminate\Pipeline\Pipeline.php:180
#40 \app\Http\Middleware\ActiveTemplateMiddleware.php:29
#41 \vendor\laravel\framework\src\Illuminate\Pipeline\Pipeline.php:180
#42 \vendor\laravel\framework\src\Illuminate\Session\Middleware\StartSession.php:121
#43 \vendor\laravel\framework\src\Illuminate\Session\Middleware\StartSession.php:64
#44 \vendor\laravel\framework\src\Illuminate\Pipeline\Pipeline.php:180
#45 \vendor\laravel\framework\src\Illuminate\Cookie\Middleware\AddQueuedCookiesToResponse.php:37
#46 \vendor\laravel\framework\src\Illuminate\Pipeline\Pipeline.php:180
#47 \vendor\laravel\framework\src\Illuminate\Cookie\Middleware\EncryptCookies.php:67
#48 \vendor\laravel\framework\src\Illuminate\Pipeline\Pipeline.php:180
#49 \vendor\laramin\utility\src\Utility.php:14
  
[2023-11-30 09:30:37] production.INFO: Detected N+1 Query  
[2023-11-30 09:30:37] production.INFO: Model: App\Models\Currency
Relation: App\Models\Form
Num-Called: 2
Call-Stack:
#19 \app\Http\Controllers\Admin\CurrencyController.php:33
#20 \vendor\laravel\framework\src\Illuminate\Routing\Controller.php:54
#21 \vendor\laravel\framework\src\Illuminate\Routing\ControllerDispatcher.php:43
#22 \vendor\laravel\framework\src\Illuminate\Routing\Route.php:260
#23 \vendor\laravel\framework\src\Illuminate\Routing\Route.php:205
#24 \vendor\laravel\framework\src\Illuminate\Routing\Router.php:798
#25 \vendor\laravel\framework\src\Illuminate\Pipeline\Pipeline.php:141
#26 \app\Http\Controllers\Controller.php:19
#27 \vendor\laravel\framework\src\Illuminate\Pipeline\Pipeline.php:162
#28 \app\Http\Middleware\RedirectIfNotAdmin.php:22
#29 \vendor\laravel\framework\src\Illuminate\Pipeline\Pipeline.php:180
#30 \app\Http\Middleware\IpBlock.php:23
#31 \vendor\laravel\framework\src\Illuminate\Pipeline\Pipeline.php:180
#32 \app\Http\Middleware\LanguageMiddleware.php:20
#33 \vendor\laravel\framework\src\Illuminate\Pipeline\Pipeline.php:180
#34 \vendor\laravel\framework\src\Illuminate\Routing\Middleware\SubstituteBindings.php:50
#35 \vendor\laravel\framework\src\Illuminate\Pipeline\Pipeline.php:180
#36 \vendor\laravel\framework\src\Illuminate\Foundation\Http\Middleware\VerifyCsrfToken.php:78
#37 \vendor\laravel\framework\src\Illuminate\Pipeline\Pipeline.php:180
#38 \vendor\laravel\framework\src\Illuminate\View\Middleware\ShareErrorsFromSession.php:49
#39 \vendor\laravel\framework\src\Illuminate\Pipeline\Pipeline.php:180
#40 \app\Http\Middleware\ActiveTemplateMiddleware.php:29
#41 \vendor\laravel\framework\src\Illuminate\Pipeline\Pipeline.php:180
#42 \vendor\laravel\framework\src\Illuminate\Session\Middleware\StartSession.php:121
#43 \vendor\laravel\framework\src\Illuminate\Session\Middleware\StartSession.php:64
#44 \vendor\laravel\framework\src\Illuminate\Pipeline\Pipeline.php:180
#45 \vendor\laravel\framework\src\Illuminate\Cookie\Middleware\AddQueuedCookiesToResponse.php:37
#46 \vendor\laravel\framework\src\Illuminate\Pipeline\Pipeline.php:180
#47 \vendor\laravel\framework\src\Illuminate\Cookie\Middleware\EncryptCookies.php:67
#48 \vendor\laravel\framework\src\Illuminate\Pipeline\Pipeline.php:180
#49 \vendor\laramin\utility\src\Utility.php:14
  
[2023-11-30 09:30:38] production.INFO: Detected N+1 Query  
[2023-11-30 09:30:38] production.INFO: Model: App\Models\Currency
Relation: App\Models\Form
Num-Called: 2
Call-Stack:
#19 \app\Http\Controllers\Admin\CurrencyController.php:33
#20 \vendor\laravel\framework\src\Illuminate\Routing\Controller.php:54
#21 \vendor\laravel\framework\src\Illuminate\Routing\ControllerDispatcher.php:43
#22 \vendor\laravel\framework\src\Illuminate\Routing\Route.php:260
#23 \vendor\laravel\framework\src\Illuminate\Routing\Route.php:205
#24 \vendor\laravel\framework\src\Illuminate\Routing\Router.php:798
#25 \vendor\laravel\framework\src\Illuminate\Pipeline\Pipeline.php:141
#26 \app\Http\Controllers\Controller.php:19
#27 \vendor\laravel\framework\src\Illuminate\Pipeline\Pipeline.php:162
#28 \app\Http\Middleware\RedirectIfNotAdmin.php:22
#29 \vendor\laravel\framework\src\Illuminate\Pipeline\Pipeline.php:180
#30 \app\Http\Middleware\IpBlock.php:23
#31 \vendor\laravel\framework\src\Illuminate\Pipeline\Pipeline.php:180
#32 \app\Http\Middleware\LanguageMiddleware.php:20
#33 \vendor\laravel\framework\src\Illuminate\Pipeline\Pipeline.php:180
#34 \vendor\laravel\framework\src\Illuminate\Routing\Middleware\SubstituteBindings.php:50
#35 \vendor\laravel\framework\src\Illuminate\Pipeline\Pipeline.php:180
#36 \vendor\laravel\framework\src\Illuminate\Foundation\Http\Middleware\VerifyCsrfToken.php:78
#37 \vendor\laravel\framework\src\Illuminate\Pipeline\Pipeline.php:180
#38 \vendor\laravel\framework\src\Illuminate\View\Middleware\ShareErrorsFromSession.php:49
#39 \vendor\laravel\framework\src\Illuminate\Pipeline\Pipeline.php:180
#40 \app\Http\Middleware\ActiveTemplateMiddleware.php:29
#41 \vendor\laravel\framework\src\Illuminate\Pipeline\Pipeline.php:180
#42 \vendor\laravel\framework\src\Illuminate\Session\Middleware\StartSession.php:121
#43 \vendor\laravel\framework\src\Illuminate\Session\Middleware\StartSession.php:64
#44 \vendor\laravel\framework\src\Illuminate\Pipeline\Pipeline.php:180
#45 \vendor\laravel\framework\src\Illuminate\Cookie\Middleware\AddQueuedCookiesToResponse.php:37
#46 \vendor\laravel\framework\src\Illuminate\Pipeline\Pipeline.php:180
#47 \vendor\laravel\framework\src\Illuminate\Cookie\Middleware\EncryptCookies.php:67
#48 \vendor\laravel\framework\src\Illuminate\Pipeline\Pipeline.php:180
#49 \vendor\laramin\utility\src\Utility.php:14
  
[2023-11-30 09:30:39] production.INFO: Detected N+1 Query  
[2023-11-30 09:30:39] production.INFO: Model: App\Models\Currency
Relation: App\Models\Form
Num-Called: 2
Call-Stack:
#19 \app\Http\Controllers\Admin\CurrencyController.php:33
#20 \vendor\laravel\framework\src\Illuminate\Routing\Controller.php:54
#21 \vendor\laravel\framework\src\Illuminate\Routing\ControllerDispatcher.php:43
#22 \vendor\laravel\framework\src\Illuminate\Routing\Route.php:260
#23 \vendor\laravel\framework\src\Illuminate\Routing\Route.php:205
#24 \vendor\laravel\framework\src\Illuminate\Routing\Router.php:798
#25 \vendor\laravel\framework\src\Illuminate\Pipeline\Pipeline.php:141
#26 \app\Http\Controllers\Controller.php:19
#27 \vendor\laravel\framework\src\Illuminate\Pipeline\Pipeline.php:162
#28 \app\Http\Middleware\RedirectIfNotAdmin.php:22
#29 \vendor\laravel\framework\src\Illuminate\Pipeline\Pipeline.php:180
#30 \app\Http\Middleware\IpBlock.php:23
#31 \vendor\laravel\framework\src\Illuminate\Pipeline\Pipeline.php:180
#32 \app\Http\Middleware\LanguageMiddleware.php:20
#33 \vendor\laravel\framework\src\Illuminate\Pipeline\Pipeline.php:180
#34 \vendor\laravel\framework\src\Illuminate\Routing\Middleware\SubstituteBindings.php:50
#35 \vendor\laravel\framework\src\Illuminate\Pipeline\Pipeline.php:180
#36 \vendor\laravel\framework\src\Illuminate\Foundation\Http\Middleware\VerifyCsrfToken.php:78
#37 \vendor\laravel\framework\src\Illuminate\Pipeline\Pipeline.php:180
#38 \vendor\laravel\framework\src\Illuminate\View\Middleware\ShareErrorsFromSession.php:49
#39 \vendor\laravel\framework\src\Illuminate\Pipeline\Pipeline.php:180
#40 \app\Http\Middleware\ActiveTemplateMiddleware.php:29
#41 \vendor\laravel\framework\src\Illuminate\Pipeline\Pipeline.php:180
#42 \vendor\laravel\framework\src\Illuminate\Session\Middleware\StartSession.php:121
#43 \vendor\laravel\framework\src\Illuminate\Session\Middleware\StartSession.php:64
#44 \vendor\laravel\framework\src\Illuminate\Pipeline\Pipeline.php:180
#45 \vendor\laravel\framework\src\Illuminate\Cookie\Middleware\AddQueuedCookiesToResponse.php:37
#46 \vendor\laravel\framework\src\Illuminate\Pipeline\Pipeline.php:180
#47 \vendor\laravel\framework\src\Illuminate\Cookie\Middleware\EncryptCookies.php:67
#48 \vendor\laravel\framework\src\Illuminate\Pipeline\Pipeline.php:180
#49 \vendor\laramin\utility\src\Utility.php:14
  
[2023-11-30 09:30:44] production.INFO: Detected N+1 Query  
[2023-11-30 09:30:44] production.INFO: Model: App\Models\Currency
Relation: App\Models\Form
Num-Called: 2
Call-Stack:
#19 \app\Http\Controllers\Admin\CurrencyController.php:33
#20 \vendor\laravel\framework\src\Illuminate\Routing\Controller.php:54
#21 \vendor\laravel\framework\src\Illuminate\Routing\ControllerDispatcher.php:43
#22 \vendor\laravel\framework\src\Illuminate\Routing\Route.php:260
#23 \vendor\laravel\framework\src\Illuminate\Routing\Route.php:205
#24 \vendor\laravel\framework\src\Illuminate\Routing\Router.php:798
#25 \vendor\laravel\framework\src\Illuminate\Pipeline\Pipeline.php:141
#26 \app\Http\Controllers\Controller.php:19
#27 \vendor\laravel\framework\src\Illuminate\Pipeline\Pipeline.php:162
#28 \app\Http\Middleware\RedirectIfNotAdmin.php:22
#29 \vendor\laravel\framework\src\Illuminate\Pipeline\Pipeline.php:180
#30 \app\Http\Middleware\IpBlock.php:23
#31 \vendor\laravel\framework\src\Illuminate\Pipeline\Pipeline.php:180
#32 \app\Http\Middleware\LanguageMiddleware.php:20
#33 \vendor\laravel\framework\src\Illuminate\Pipeline\Pipeline.php:180
#34 \vendor\laravel\framework\src\Illuminate\Routing\Middleware\SubstituteBindings.php:50
#35 \vendor\laravel\framework\src\Illuminate\Pipeline\Pipeline.php:180
#36 \vendor\laravel\framework\src\Illuminate\Foundation\Http\Middleware\VerifyCsrfToken.php:78
#37 \vendor\laravel\framework\src\Illuminate\Pipeline\Pipeline.php:180
#38 \vendor\laravel\framework\src\Illuminate\View\Middleware\ShareErrorsFromSession.php:49
#39 \vendor\laravel\framework\src\Illuminate\Pipeline\Pipeline.php:180
#40 \app\Http\Middleware\ActiveTemplateMiddleware.php:29
#41 \vendor\laravel\framework\src\Illuminate\Pipeline\Pipeline.php:180
#42 \vendor\laravel\framework\src\Illuminate\Session\Middleware\StartSession.php:121
#43 \vendor\laravel\framework\src\Illuminate\Session\Middleware\StartSession.php:64
#44 \vendor\laravel\framework\src\Illuminate\Pipeline\Pipeline.php:180
#45 \vendor\laravel\framework\src\Illuminate\Cookie\Middleware\AddQueuedCookiesToResponse.php:37
#46 \vendor\laravel\framework\src\Illuminate\Pipeline\Pipeline.php:180
#47 \vendor\laravel\framework\src\Illuminate\Cookie\Middleware\EncryptCookies.php:67
#48 \vendor\laravel\framework\src\Illuminate\Pipeline\Pipeline.php:180
#49 \vendor\laramin\utility\src\Utility.php:14
  
[2023-11-30 09:30:50] production.INFO: Detected N+1 Query  
[2023-11-30 09:30:50] production.INFO: Model: App\Models\Currency
Relation: App\Models\Form
Num-Called: 2
Call-Stack:
#19 \app\Http\Controllers\Admin\CurrencyController.php:33
#20 \vendor\laravel\framework\src\Illuminate\Routing\Controller.php:54
#21 \vendor\laravel\framework\src\Illuminate\Routing\ControllerDispatcher.php:43
#22 \vendor\laravel\framework\src\Illuminate\Routing\Route.php:260
#23 \vendor\laravel\framework\src\Illuminate\Routing\Route.php:205
#24 \vendor\laravel\framework\src\Illuminate\Routing\Router.php:798
#25 \vendor\laravel\framework\src\Illuminate\Pipeline\Pipeline.php:141
#26 \app\Http\Controllers\Controller.php:19
#27 \vendor\laravel\framework\src\Illuminate\Pipeline\Pipeline.php:162
#28 \app\Http\Middleware\RedirectIfNotAdmin.php:22
#29 \vendor\laravel\framework\src\Illuminate\Pipeline\Pipeline.php:180
#30 \app\Http\Middleware\IpBlock.php:23
#31 \vendor\laravel\framework\src\Illuminate\Pipeline\Pipeline.php:180
#32 \app\Http\Middleware\LanguageMiddleware.php:20
#33 \vendor\laravel\framework\src\Illuminate\Pipeline\Pipeline.php:180
#34 \vendor\laravel\framework\src\Illuminate\Routing\Middleware\SubstituteBindings.php:50
#35 \vendor\laravel\framework\src\Illuminate\Pipeline\Pipeline.php:180
#36 \vendor\laravel\framework\src\Illuminate\Foundation\Http\Middleware\VerifyCsrfToken.php:78
#37 \vendor\laravel\framework\src\Illuminate\Pipeline\Pipeline.php:180
#38 \vendor\laravel\framework\src\Illuminate\View\Middleware\ShareErrorsFromSession.php:49
#39 \vendor\laravel\framework\src\Illuminate\Pipeline\Pipeline.php:180
#40 \app\Http\Middleware\ActiveTemplateMiddleware.php:29
#41 \vendor\laravel\framework\src\Illuminate\Pipeline\Pipeline.php:180
#42 \vendor\laravel\framework\src\Illuminate\Session\Middleware\StartSession.php:121
#43 \vendor\laravel\framework\src\Illuminate\Session\Middleware\StartSession.php:64
#44 \vendor\laravel\framework\src\Illuminate\Pipeline\Pipeline.php:180
#45 \vendor\laravel\framework\src\Illuminate\Cookie\Middleware\AddQueuedCookiesToResponse.php:37
#46 \vendor\laravel\framework\src\Illuminate\Pipeline\Pipeline.php:180
#47 \vendor\laravel\framework\src\Illuminate\Cookie\Middleware\EncryptCookies.php:67
#48 \vendor\laravel\framework\src\Illuminate\Pipeline\Pipeline.php:180
#49 \vendor\laramin\utility\src\Utility.php:14
  
[2023-11-30 09:32:43] production.INFO: Detected N+1 Query  
[2023-11-30 09:32:43] production.INFO: Model: App\Models\Currency
Relation: App\Models\Form
Num-Called: 2
Call-Stack:
#19 \app\Http\Controllers\Admin\CurrencyController.php:33
#20 \vendor\laravel\framework\src\Illuminate\Routing\Controller.php:54
#21 \vendor\laravel\framework\src\Illuminate\Routing\ControllerDispatcher.php:43
#22 \vendor\laravel\framework\src\Illuminate\Routing\Route.php:260
#23 \vendor\laravel\framework\src\Illuminate\Routing\Route.php:205
#24 \vendor\laravel\framework\src\Illuminate\Routing\Router.php:798
#25 \vendor\laravel\framework\src\Illuminate\Pipeline\Pipeline.php:141
#26 \app\Http\Controllers\Controller.php:19
#27 \vendor\laravel\framework\src\Illuminate\Pipeline\Pipeline.php:162
#28 \app\Http\Middleware\RedirectIfNotAdmin.php:22
#29 \vendor\laravel\framework\src\Illuminate\Pipeline\Pipeline.php:180
#30 \app\Http\Middleware\IpBlock.php:23
#31 \vendor\laravel\framework\src\Illuminate\Pipeline\Pipeline.php:180
#32 \app\Http\Middleware\LanguageMiddleware.php:20
#33 \vendor\laravel\framework\src\Illuminate\Pipeline\Pipeline.php:180
#34 \vendor\laravel\framework\src\Illuminate\Routing\Middleware\SubstituteBindings.php:50
#35 \vendor\laravel\framework\src\Illuminate\Pipeline\Pipeline.php:180
#36 \vendor\laravel\framework\src\Illuminate\Foundation\Http\Middleware\VerifyCsrfToken.php:78
#37 \vendor\laravel\framework\src\Illuminate\Pipeline\Pipeline.php:180
#38 \vendor\laravel\framework\src\Illuminate\View\Middleware\ShareErrorsFromSession.php:49
#39 \vendor\laravel\framework\src\Illuminate\Pipeline\Pipeline.php:180
#40 \app\Http\Middleware\ActiveTemplateMiddleware.php:29
#41 \vendor\laravel\framework\src\Illuminate\Pipeline\Pipeline.php:180
#42 \vendor\laravel\framework\src\Illuminate\Session\Middleware\StartSession.php:121
#43 \vendor\laravel\framework\src\Illuminate\Session\Middleware\StartSession.php:64
#44 \vendor\laravel\framework\src\Illuminate\Pipeline\Pipeline.php:180
#45 \vendor\laravel\framework\src\Illuminate\Cookie\Middleware\AddQueuedCookiesToResponse.php:37
#46 \vendor\laravel\framework\src\Illuminate\Pipeline\Pipeline.php:180
#47 \vendor\laravel\framework\src\Illuminate\Cookie\Middleware\EncryptCookies.php:67
#48 \vendor\laravel\framework\src\Illuminate\Pipeline\Pipeline.php:180
#49 \vendor\laramin\utility\src\Utility.php:14
  
[2023-11-30 13:08:04] production.INFO: Detected N+1 Query  
[2023-11-30 13:08:04] production.INFO: Model: App\Models\Currency
Relation: App\Models\Form
Num-Called: 2
Call-Stack:
#19 \app\Http\Controllers\Admin\CurrencyController.php:33
#20 \vendor\laravel\framework\src\Illuminate\Routing\Controller.php:54
#21 \vendor\laravel\framework\src\Illuminate\Routing\ControllerDispatcher.php:43
#22 \vendor\laravel\framework\src\Illuminate\Routing\Route.php:260
#23 \vendor\laravel\framework\src\Illuminate\Routing\Route.php:205
#24 \vendor\laravel\framework\src\Illuminate\Routing\Router.php:798
#25 \vendor\laravel\framework\src\Illuminate\Pipeline\Pipeline.php:141
#26 \app\Http\Controllers\Controller.php:19
#27 \vendor\laravel\framework\src\Illuminate\Pipeline\Pipeline.php:162
#28 \app\Http\Middleware\RedirectIfNotAdmin.php:22
#29 \vendor\laravel\framework\src\Illuminate\Pipeline\Pipeline.php:180
#30 \app\Http\Middleware\IpBlock.php:23
#31 \vendor\laravel\framework\src\Illuminate\Pipeline\Pipeline.php:180
#32 \app\Http\Middleware\LanguageMiddleware.php:20
#33 \vendor\laravel\framework\src\Illuminate\Pipeline\Pipeline.php:180
#34 \vendor\laravel\framework\src\Illuminate\Routing\Middleware\SubstituteBindings.php:50
#35 \vendor\laravel\framework\src\Illuminate\Pipeline\Pipeline.php:180
#36 \vendor\laravel\framework\src\Illuminate\Foundation\Http\Middleware\VerifyCsrfToken.php:78
#37 \vendor\laravel\framework\src\Illuminate\Pipeline\Pipeline.php:180
#38 \vendor\laravel\framework\src\Illuminate\View\Middleware\ShareErrorsFromSession.php:49
#39 \vendor\laravel\framework\src\Illuminate\Pipeline\Pipeline.php:180
#40 \app\Http\Middleware\ActiveTemplateMiddleware.php:29
#41 \vendor\laravel\framework\src\Illuminate\Pipeline\Pipeline.php:180
#42 \vendor\laravel\framework\src\Illuminate\Session\Middleware\StartSession.php:121
#43 \vendor\laravel\framework\src\Illuminate\Session\Middleware\StartSession.php:64
#44 \vendor\laravel\framework\src\Illuminate\Pipeline\Pipeline.php:180
#45 \vendor\laravel\framework\src\Illuminate\Cookie\Middleware\AddQueuedCookiesToResponse.php:37
#46 \vendor\laravel\framework\src\Illuminate\Pipeline\Pipeline.php:180
#47 \vendor\laravel\framework\src\Illuminate\Cookie\Middleware\EncryptCookies.php:67
#48 \vendor\laravel\framework\src\Illuminate\Pipeline\Pipeline.php:180
#49 \vendor\laramin\utility\src\Utility.php:14
  
[2023-11-30 13:08:07] production.INFO: Detected N+1 Query  
[2023-11-30 13:08:07] production.INFO: Model: App\Models\Currency
Relation: App\Models\Form
Num-Called: 2
Call-Stack:
#19 \app\Http\Controllers\Admin\CurrencyController.php:33
#20 \vendor\laravel\framework\src\Illuminate\Routing\Controller.php:54
#21 \vendor\laravel\framework\src\Illuminate\Routing\ControllerDispatcher.php:43
#22 \vendor\laravel\framework\src\Illuminate\Routing\Route.php:260
#23 \vendor\laravel\framework\src\Illuminate\Routing\Route.php:205
#24 \vendor\laravel\framework\src\Illuminate\Routing\Router.php:798
#25 \vendor\laravel\framework\src\Illuminate\Pipeline\Pipeline.php:141
#26 \app\Http\Controllers\Controller.php:19
#27 \vendor\laravel\framework\src\Illuminate\Pipeline\Pipeline.php:162
#28 \app\Http\Middleware\RedirectIfNotAdmin.php:22
#29 \vendor\laravel\framework\src\Illuminate\Pipeline\Pipeline.php:180
#30 \app\Http\Middleware\IpBlock.php:23
#31 \vendor\laravel\framework\src\Illuminate\Pipeline\Pipeline.php:180
#32 \app\Http\Middleware\LanguageMiddleware.php:20
#33 \vendor\laravel\framework\src\Illuminate\Pipeline\Pipeline.php:180
#34 \vendor\laravel\framework\src\Illuminate\Routing\Middleware\SubstituteBindings.php:50
#35 \vendor\laravel\framework\src\Illuminate\Pipeline\Pipeline.php:180
#36 \vendor\laravel\framework\src\Illuminate\Foundation\Http\Middleware\VerifyCsrfToken.php:78
#37 \vendor\laravel\framework\src\Illuminate\Pipeline\Pipeline.php:180
#38 \vendor\laravel\framework\src\Illuminate\View\Middleware\ShareErrorsFromSession.php:49
#39 \vendor\laravel\framework\src\Illuminate\Pipeline\Pipeline.php:180
#40 \app\Http\Middleware\ActiveTemplateMiddleware.php:29
#41 \vendor\laravel\framework\src\Illuminate\Pipeline\Pipeline.php:180
#42 \vendor\laravel\framework\src\Illuminate\Session\Middleware\StartSession.php:121
#43 \vendor\laravel\framework\src\Illuminate\Session\Middleware\StartSession.php:64
#44 \vendor\laravel\framework\src\Illuminate\Pipeline\Pipeline.php:180
#45 \vendor\laravel\framework\src\Illuminate\Cookie\Middleware\AddQueuedCookiesToResponse.php:37
#46 \vendor\laravel\framework\src\Illuminate\Pipeline\Pipeline.php:180
#47 \vendor\laravel\framework\src\Illuminate\Cookie\Middleware\EncryptCookies.php:67
#48 \vendor\laravel\framework\src\Illuminate\Pipeline\Pipeline.php:180
#49 \vendor\laramin\utility\src\Utility.php:14
  
